
> fitshare-backend@2.1.0 start
> node server.js

[dotenv@17.2.0] injecting env (5) from .env (tip: ⚙️  suppress all logs with { quiet: true })

=====================================
FitShare バックエンドサーバー
=====================================
ポート: 3001
環境: production
MongoDB: 接続待機中...
URL: http://localhost:3001
=====================================
  
MongoDBに接続しました
新しいユーザーが接続しました: gosfA-5RRS_oEo2iAAAB
ユーザーが切断しました: gosfA-5RRS_oEo2iAAAB
新しいユーザーが接続しました: q5C0LSUonlSdiozFAAAD
ユーザーが切断しました: q5C0LSUonlSdiozFAAAD
新しいユーザーが接続しました: m-lu_nMfnLtd1AFmAAAF
ユーザーが切断しました: m-lu_nMfnLtd1AFmAAAF
新しいユーザーが接続しました: xpVgxi6C24UdETkQAAAH
ユーザーが切断しました: xpVgxi6C24UdETkQAAAH
新しいユーザーが接続しました: HlyFKc3jNlw3Qo0aAAAJ
MongoDBから切断されました
MongoDBから切断されました
MongoDBから切断されました
MongoDBから切断されました
MongoDBから切断されました
MongoDBから切断されました
MongoDBから切断されました
MongoDBから切断されました
MongoDBから切断されました
MongoDBから切断されました
MongoDBから切断されました
MongoDBから切断されました
MongoDBから切断されました
ユーザーが切断しました: HlyFKc3jNlw3Qo0aAAAJ
MongoDBから切断されました
MongoDBから切断されました
MongoDBから切断されました
MongoDBから切断されました
MongoDBから切断されました
SIGTERM signal received: closing HTTP server
HTTP server closed
Socket.io connections closed
MongoDBから切断されました
MongoDB connection closed
